android-payment-bridge/app/build/intermediates/manifest_merge_blame_file/debug/processDebugMainManifest/manifest-merger-blame-debug-report.txt
1<?xml version="1.0" encoding="utf-8"?>
2<manifest xmlns:android="http://schemas.android.com/apk/res/android"
3    package="com.cashmint.paymentbridge"
4    android:versionCode="1"
5    android:versionName="1.0.0" >
6
7    <uses-sdk
8        android:minSdkVersion="26"
9        android:targetSdkVersion="35" />
10
11    <uses-permission android:name="android.permission.INTERNET" />
11-->src\main\AndroidManifest.xml:2:5-67
11-->src\main\AndroidManifest.xml:2:22-64
12    <uses-permission android:name="android.permission.ACCESS_FINE_LOCATION" />
12-->src\main\AndroidManifest.xml:3:5-79
12-->src\main\AndroidManifest.xml:3:22-76
13    <uses-permission
13-->src\main\AndroidManifest.xml:4:5-120
14        android:name="android.permission.BLUETOOTH_SCAN"
14-->src\main\AndroidManifest.xml:4:22-70
15        android:usesPermissionFlags="neverForLocation" />
15-->src\main\AndroidManifest.xml:4:71-117
16    <uses-permission android:name="android.permission.BLUETOOTH_CONNECT" />
16-->src\main\AndroidManifest.xml:5:5-76
16-->src\main\AndroidManifest.xml:5:22-73
17
18    <permission
18-->[androidx.core:core:1.15.0] AndroidManifest.xml:22:5-24:47
19        android:name="com.cashmint.paymentbridge.DYNAMIC_RECEIVER_NOT_EXPORTED_PERMISSION"
19-->[androidx.core:core:1.15.0] AndroidManifest.xml:23:9-81
20        android:protectionLevel="signature" />
20-->[androidx.core:core:1.15.0] AndroidManifest.xml:24:9-44
21
22    <uses-permission android:name="com.cashmint.paymentbridge.DYNAMIC_RECEIVER_NOT_EXPORTED_PERMISSION" />
22-->[androidx.core:core:1.15.0] AndroidManifest.xml:26:5-97
22-->[androidx.core:core:1.15.0] AndroidManifest.xml:26:22-94
23    <uses-permission android:name="android.permission.BLUETOOTH" />
23-->[com.stripe:stripeterminal-core:5.7.0] AndroidManifest.xml:3:2-64
23-->[com.stripe:stripeterminal-core:5.7.0] AndroidManifest.xml:3:19-62
24    <uses-permission android:name="android.permission.BLUETOOTH_ADMIN" />
24-->[com.stripe:stripeterminal-core:5.7.0] AndroidManifest.xml:4:2-70
24-->[com.stripe:stripeterminal-core:5.7.0] AndroidManifest.xml:4:19-68
25    <uses-permission android:name="android.permission.ACCESS_COARSE_LOCATION" />
25-->[com.stripe:stripeterminal-core:5.7.0] AndroidManifest.xml:5:2-77
25-->[com.stripe:stripeterminal-core:5.7.0] AndroidManifest.xml:5:19-75
26    <uses-permission android:name="android.permission.ACCESS_NETWORK_STATE" />
26-->[com.stripe:stripeterminal-core:5.7.0] AndroidManifest.xml:7:2-75
26-->[com.stripe:stripeterminal-core:5.7.0] AndroidManifest.xml:7:19-73
27    <uses-permission android:name="android.permission.ACCESS_WIFI_STATE" />
27-->[com.stripe:stripeterminal-internal-common:5.7.0] AndroidManifest.xml:7:2-72
27-->[com.stripe:stripeterminal-internal-common:5.7.0] AndroidManifest.xml:7:19-70
28
29    <application
29-->src\main\AndroidManifest.xml:6:5-10:19
30        android:name="com.cashmint.paymentbridge.BridgeApplication"
30-->src\main\AndroidManifest.xml:6:18-51
31        android:allowBackup="false"
31-->src\main\AndroidManifest.xml:6:52-79
32        android:appComponentFactory="androidx.core.app.CoreComponentFactory"
32-->[androidx.core:core:1.15.0] AndroidManifest.xml:28:18-86
33        android:debuggable="true"
34        android:extractNativeLibs="false"
35        android:label="Cashmint Payment Bridge"
35-->src\main\AndroidManifest.xml:6:80-119
36        android:theme="@style/Theme.AppCompat.Light.NoActionBar" >
36-->src\main\AndroidManifest.xml:6:120-176
37        <activity
37-->src\main\AndroidManifest.xml:7:9-9:20
38            android:name="com.cashmint.paymentbridge.MainActivity"
38-->src\main\AndroidManifest.xml:7:19-47
39            android:exported="true"
39-->src\main\AndroidManifest.xml:7:85-108
40            android:screenOrientation="portrait" >
40-->src\main\AndroidManifest.xml:7:48-84
41            <intent-filter>
41-->src\main\AndroidManifest.xml:8:13-156
42                <action android:name="android.intent.action.MAIN" />
42-->src\main\AndroidManifest.xml:8:28-80
42-->src\main\AndroidManifest.xml:8:36-77
43
44                <category android:name="android.intent.category.LAUNCHER" />
44-->src\main\AndroidManifest.xml:8:80-140
44-->src\main\AndroidManifest.xml:8:90-137
45            </intent-filter>
46        </activity>
47
48        <provider
48-->[androidx.emoji2:emoji2:1.3.0] AndroidManifest.xml:24:9-32:20
49            android:name="androidx.startup.InitializationProvider"
49-->[androidx.emoji2:emoji2:1.3.0] AndroidManifest.xml:25:13-67
50            android:authorities="com.cashmint.paymentbridge.androidx-startup"
50-->[androidx.emoji2:emoji2:1.3.0] AndroidManifest.xml:26:13-68
51            android:exported="false" >
51-->[androidx.emoji2:emoji2:1.3.0] AndroidManifest.xml:27:13-37
52            <meta-data
52-->[androidx.emoji2:emoji2:1.3.0] AndroidManifest.xml:29:13-31:52
53                android:name="androidx.emoji2.text.EmojiCompatInitializer"
53-->[androidx.emoji2:emoji2:1.3.0] AndroidManifest.xml:30:17-75
54                android:value="androidx.startup" />
54-->[androidx.emoji2:emoji2:1.3.0] AndroidManifest.xml:31:17-49
55            <meta-data
55-->[androidx.lifecycle:lifecycle-process:2.8.7] AndroidManifest.xml:29:13-31:52
56                android:name="androidx.lifecycle.ProcessLifecycleInitializer"
56-->[androidx.lifecycle:lifecycle-process:2.8.7] AndroidManifest.xml:30:17-78
57                android:value="androidx.startup" />
57-->[androidx.lifecycle:lifecycle-process:2.8.7] AndroidManifest.xml:31:17-49
58            <meta-data
58-->[androidx.profileinstaller:profileinstaller:1.3.1] AndroidManifest.xml:29:13-31:52
59                android:name="androidx.profileinstaller.ProfileInstallerInitializer"
59-->[androidx.profileinstaller:profileinstaller:1.3.1] AndroidManifest.xml:30:17-85
60                android:value="androidx.startup" />
60-->[androidx.profileinstaller:profileinstaller:1.3.1] AndroidManifest.xml:31:17-49
61        </provider>
62
63        <activity
63-->[com.stripe:stripeterminal-core:5.7.0] AndroidManifest.xml:10:3-15:14
64            android:name="com.stripe.stripeterminal.internal.common.usb.UsbEventReceiverActivity"
64-->[com.stripe:stripeterminal-core:5.7.0] AndroidManifest.xml:10:105-190
65            android:excludeFromRecents="true"
65-->[com.stripe:stripeterminal-core:5.7.0] AndroidManifest.xml:10:13-46
66            android:exported="false"
66-->[com.stripe:stripeterminal-core:5.7.0] AndroidManifest.xml:10:47-71
67            android:label="@string/app_name"
67-->[com.stripe:stripeterminal-core:5.7.0] AndroidManifest.xml:10:72-104
68            android:noHistory="true"
68-->[com.stripe:stripeterminal-core:5.7.0] AndroidManifest.xml:10:191-215
69            android:taskAffinity="com.stripe.stripeterminal.taskAffinityUsbEventReceiver"
69-->[com.stripe:stripeterminal-core:5.7.0] AndroidManifest.xml:10:216-293
70            android:theme="@style/Theme.Transparent" >
70-->[com.stripe:stripeterminal-core:5.7.0] AndroidManifest.xml:10:294-334
71            <intent-filter>
71-->[com.stripe:stripeterminal-core:5.7.0] AndroidManifest.xml:11:4-13:20
72                <action android:name="android.hardware.usb.action.USB_DEVICE_ATTACHED" />
72-->[com.stripe:stripeterminal-core:5.7.0] AndroidManifest.xml:12:5-77
72-->[com.stripe:stripeterminal-core:5.7.0] AndroidManifest.xml:12:13-75
73            </intent-filter>
74
75            <meta-data
75-->[com.stripe:stripeterminal-core:5.7.0] AndroidManifest.xml:14:4-121
76                android:name="android.hardware.usb.action.USB_DEVICE_ATTACHED"
76-->[com.stripe:stripeterminal-core:5.7.0] AndroidManifest.xml:14:15-77
77                android:resource="@xml/usb_device_filter" />
77-->[com.stripe:stripeterminal-core:5.7.0] AndroidManifest.xml:14:78-119
78        </activity>
79
80        <service
80-->[androidx.room:room-runtime:2.6.1] AndroidManifest.xml:24:9-28:63
81            android:name="androidx.room.MultiInstanceInvalidationService"
81-->[androidx.room:room-runtime:2.6.1] AndroidManifest.xml:25:13-74
82            android:directBootAware="true"
82-->[androidx.room:room-runtime:2.6.1] AndroidManifest.xml:26:13-43
83            android:exported="false" />
83-->[androidx.room:room-runtime:2.6.1] AndroidManifest.xml:27:13-37
84
85        <receiver
85-->[androidx.profileinstaller:profileinstaller:1.3.1] AndroidManifest.xml:34:9-52:20
86            android:name="androidx.profileinstaller.ProfileInstallReceiver"
86-->[androidx.profileinstaller:profileinstaller:1.3.1] AndroidManifest.xml:35:13-76
87            android:directBootAware="false"
87-->[androidx.profileinstaller:profileinstaller:1.3.1] AndroidManifest.xml:36:13-44
88            android:enabled="true"
88-->[androidx.profileinstaller:profileinstaller:1.3.1] AndroidManifest.xml:37:13-35
89            android:exported="true"
89-->[androidx.profileinstaller:profileinstaller:1.3.1] AndroidManifest.xml:38:13-36
90            android:permission="android.permission.DUMP" >
90-->[androidx.profileinstaller:profileinstaller:1.3.1] AndroidManifest.xml:39:13-57
91            <intent-filter>
91-->[androidx.profileinstaller:profileinstaller:1.3.1] AndroidManifest.xml:40:13-42:29
92                <action android:name="androidx.profileinstaller.action.INSTALL_PROFILE" />
92-->[androidx.profileinstaller:profileinstaller:1.3.1] AndroidManifest.xml:41:17-91
92-->[androidx.profileinstaller:profileinstaller:1.3.1] AndroidManifest.xml:41:25-88
93            </intent-filter>
94            <intent-filter>
94-->[androidx.profileinstaller:profileinstaller:1.3.1] AndroidManifest.xml:43:13-45:29
95                <action android:name="androidx.profileinstaller.action.SKIP_FILE" />
95-->[androidx.profileinstaller:profileinstaller:1.3.1] AndroidManifest.xml:44:17-85
95-->[androidx.profileinstaller:profileinstaller:1.3.1] AndroidManifest.xml:44:25-82
96            </intent-filter>
97            <intent-filter>
97-->[androidx.profileinstaller:profileinstaller:1.3.1] AndroidManifest.xml:46:13-48:29
98                <action android:name="androidx.profileinstaller.action.SAVE_PROFILE" />
98-->[androidx.profileinstaller:profileinstaller:1.3.1] AndroidManifest.xml:47:17-88
98-->[androidx.profileinstaller:profileinstaller:1.3.1] AndroidManifest.xml:47:25-85
99            </intent-filter>
100            <intent-filter>
100-->[androidx.profileinstaller:profileinstaller:1.3.1] AndroidManifest.xml:49:13-51:29
101                <action android:name="androidx.profileinstaller.action.BENCHMARK_OPERATION" />
101-->[androidx.profileinstaller:profileinstaller:1.3.1] AndroidManifest.xml:50:17-95
101-->[androidx.profileinstaller:profileinstaller:1.3.1] AndroidManifest.xml:50:25-92
102            </intent-filter>
103        </receiver>
104    </application>
105
106</manifest>